0 info it worked if it ends with ok
1 verbose cli [ 'c:\\Program Files\\nodejs\\node.exe',
1 verbose cli   'c:\\Program Files\\nodejs\\node_modules\\npm\\bin\\npm-cli.js',
1 verbose cli   'install',
1 verbose cli   'kendoui' ]
2 info using npm@1.4.14
3 info using node@v0.10.29
4 verbose cache add [ 'kendoui', null ]
5 verbose cache add name=undefined spec="kendoui" args=["kendoui",null]
6 verbose parsed url { protocol: null,
6 verbose parsed url   slashes: null,
6 verbose parsed url   auth: null,
6 verbose parsed url   host: null,
6 verbose parsed url   port: null,
6 verbose parsed url   hostname: null,
6 verbose parsed url   hash: null,
6 verbose parsed url   search: null,
6 verbose parsed url   query: null,
6 verbose parsed url   pathname: 'kendoui',
6 verbose parsed url   path: 'kendoui',
6 verbose parsed url   href: 'kendoui' }
7 silly lockFile af95bc81-kendoui kendoui
8 verbose lock kendoui C:\Users\spraus\AppData\Roaming\npm-cache\af95bc81-kendoui.lock
9 silly lockFile af95bc81-kendoui kendoui
10 silly lockFile af95bc81-kendoui kendoui
11 verbose addNamed [ 'kendoui', '' ]
12 verbose addNamed [ null, '*' ]
13 silly lockFile 4066161b-kendoui kendoui@
14 verbose lock kendoui@ C:\Users\spraus\AppData\Roaming\npm-cache\4066161b-kendoui.lock
15 silly addNameRange { name: 'kendoui', range: '*', hasData: false }
16 verbose url raw kendoui
17 verbose url resolving [ 'https://registry.npmjs.org/', './kendoui' ]
18 verbose url resolved https://registry.npmjs.org/kendoui
19 info trying registry request attempt 1 at 11:05:46
20 http GET https://registry.npmjs.org/kendoui
21 http 404 https://registry.npmjs.org/kendoui
22 verbose headers { date: 'Thu, 25 Sep 2014 03:05:28 GMT',
22 verbose headers   server: 'CouchDB/1.5.0 (Erlang OTP/R14B04)',
22 verbose headers   'content-type': 'application/json',
22 verbose headers   'cache-control': 'max-age=0',
22 verbose headers   'content-length': '52',
22 verbose headers   'accept-ranges': 'bytes',
22 verbose headers   via: '1.1 varnish',
22 verbose headers   age: '0',
22 verbose headers   'x-served-by': 'cache-ty68-TYO',
22 verbose headers   'x-cache': 'MISS',
22 verbose headers   'x-cache-hits': '0',
22 verbose headers   'x-timer': 'S1411614328.499131,VS0,VE195',
22 verbose headers   'keep-alive': 'timeout=10, max=50',
22 verbose headers   connection: 'Keep-Alive' }
23 silly registry.get cb [ 404,
23 silly registry.get   { date: 'Thu, 25 Sep 2014 03:05:28 GMT',
23 silly registry.get     server: 'CouchDB/1.5.0 (Erlang OTP/R14B04)',
23 silly registry.get     'content-type': 'application/json',
23 silly registry.get     'cache-control': 'max-age=0',
23 silly registry.get     'content-length': '52',
23 silly registry.get     'accept-ranges': 'bytes',
23 silly registry.get     via: '1.1 varnish',
23 silly registry.get     age: '0',
23 silly registry.get     'x-served-by': 'cache-ty68-TYO',
23 silly registry.get     'x-cache': 'MISS',
23 silly registry.get     'x-cache-hits': '0',
23 silly registry.get     'x-timer': 'S1411614328.499131,VS0,VE195',
23 silly registry.get     'keep-alive': 'timeout=10, max=50',
23 silly registry.get     connection: 'Keep-Alive' } ]
24 silly lockFile 4066161b-kendoui kendoui@
25 silly lockFile 4066161b-kendoui kendoui@
26 error 404 404 Not Found: kendoui
26 error 404
26 error 404 'kendoui' is not in the npm registry.
26 error 404 You should bug the author to publish it
26 error 404
26 error 404 Note that you can also install from a
26 error 404 tarball, folder, or http url, or git url.
27 error System Windows_NT 6.2.9200
28 error command "c:\\Program Files\\nodejs\\node.exe" "c:\\Program Files\\nodejs\\node_modules\\npm\\bin\\npm-cli.js" "install" "kendoui"
29 error cwd e:\develop\visitmgt
30 error node -v v0.10.29
31 error npm -v 1.4.14
32 error code E404
33 verbose exit [ 1, true ]
